{"ID":"11","Payload":"cHJvZHVjZXItMi1tc2ctMQ==","Timestamp":"2026-06-24T13:27:38.3333349+05:30","Retry":0}
{"ID":"12","Payload":"cHJvZHVjZXItMi1tc2ctMg==","Timestamp":"2026-06-24T13:27:38.3373835+05:30","Retry":0}
{"ID":"13","Payload":"cHJvZHVjZXItMi1tc2ctMw==","Timestamp":"2026-06-24T13:27:38.3385453+05:30","Retry":0}
{"ID":"41","Payload":"cHJvZHVjZXItNS1tc2ctMQ==","Timestamp":"2026-06-24T13:27:38.3333349+05:30","Retry":0}
{"ID":"31","Payload":"cHJvZHVjZXItNC1tc2ctMQ==","Timestamp":"2026-06-24T13:27:38.3333349+05:30","Retry":0}
{"ID":"71","Payload":"cHJvZHVjZXItOC1tc2ctMQ==","Timestamp":"2026-06-24T13:27:38.3333349+05:30","Retry":0}
{"ID":"61","Payload":"cHJvZHVjZXItNy1tc2ctMQ==","Timestamp":"2026-06-24T13:27:38.3333349+05:30","Retry":0}
{"ID":"91","Payload":"cHJvZHVjZXItMTAtbXNnLTE=","Timestamp":"2026-06-24T13:27:38.3333349+05:30","Retry":0}
{"ID":"51","Payload":"cHJvZHVjZXItNi1tc2ctMQ==","Timestamp":"2026-06-24T13:27:38.3339196+05:30","Retry":0}
{"ID":"81","Payload":"cHJvZHVjZXItOS1tc2ctMQ==","Timestamp":"2026-06-24T13:27:38.3339196+05:30","Retry":0}
{"ID":"21","Payload":"cHJvZHVjZXItMy1tc2ctMQ==","Timestamp":"2026-06-24T13:27:38.3339196+05:30","Retry":0}
{"ID":"111","Payload":"cHJvZHVjZXItMTItbXNnLTE=","Timestamp":"2026-06-24T13:27:38.3339196+05:30","Retry":0}
{"ID":"101","Payload":"cHJvZHVjZXItMTEtbXNnLTE=","Timestamp":"2026-06-24T13:27:38.3339196+05:30","Retry":0}
{"ID":"121","Payload":"cHJvZHVjZXItMTMtbXNnLTE=","Timestamp":"2026-06-24T13:27:38.3339196+05:30","Retry":0}
{"ID":"151","Payload":"cHJvZHVjZXItMTYtbXNnLTE=","Timestamp":"2026-06-24T13:27:38.3339196+05:30","Retry":0}
{"ID":"131","Payload":"cHJvZHVjZXItMTQtbXNnLTE=","Timestamp":"2026-06-24T13:27:38.3339196+05:30","Retry":0}
{"ID":"171","Payload":"cHJvZHVjZXItMTgtbXNnLTE=","Timestamp":"2026-06-24T13:27:38.3339196+05:30","Retry":0}
{"ID":"161","Payload":"cHJvZHVjZXItMTctbXNnLTE=","Timestamp":"2026-06-24T13:27:38.3339196+05:30","Retry":0}
{"ID":"141","Payload":"cHJvZHVjZXItMTUtbXNnLTE=","Timestamp":"2026-06-24T13:27:38.3339196+05:30","Retry":0}
{"ID":"181","Payload":"cHJvZHVjZXItMTktbXNnLTE=","Timestamp":"2026-06-24T13:27:38.3339196+05:30","Retry":0}
{"ID":"191","Payload":"cHJvZHVjZXItMjAtbXNnLTE=","Timestamp":"2026-06-24T13:27:38.3339196+05:30","Retry":0}
{"ID":"201","Payload":"cHJvZHVjZXItMjEtbXNnLTE=","Timestamp":"2026-06-24T13:27:38.3339196+05:30","Retry":0}
{"ID":"221","Payload":"cHJvZHVjZXItMjMtbXNnLTE=","Timestamp":"2026-06-24T13:27:38.334541+05:30","Retry":0}
{"ID":"1","Payload":"cHJvZHVjZXItMS1tc2ctMQ==","Timestamp":"2026-06-24T13:27:38.3333349+05:30","Retry":0}
{"ID":"14","Payload":"cHJvZHVjZXItMi1tc2ctNA==","Timestamp":"2026-06-24T13:27:38.340883+05:30","Retry":0}
{"ID":"42","Payload":"cHJvZHVjZXItNS1tc2ctMg==","Timestamp":"2026-06-24T13:27:38.3420621+05:30","Retry":0}
{"ID":"32","Payload":"cHJvZHVjZXItNC1tc2ctMg==","Timestamp":"2026-06-24T13:27:38.3431918+05:30","Retry":0}
{"ID":"72","Payload":"cHJvZHVjZXItOC1tc2ctMg==","Timestamp":"2026-06-24T13:27:38.344312+05:30","Retry":0}
{"ID":"62","Payload":"cHJvZHVjZXItNy1tc2ctMg==","Timestamp":"2026-06-24T13:27:38.3465746+05:30","Retry":0}
{"ID":"92","Payload":"cHJvZHVjZXItMTAtbXNnLTI=","Timestamp":"2026-06-24T13:27:38.3481786+05:30","Retry":0}
{"ID":"52","Payload":"cHJvZHVjZXItNi1tc2ctMg==","Timestamp":"2026-06-24T13:27:38.3486856+05:30","Retry":0}
{"ID":"82","Payload":"cHJvZHVjZXItOS1tc2ctMg==","Timestamp":"2026-06-24T13:27:38.3498312+05:30","Retry":0}
{"ID":"22","Payload":"cHJvZHVjZXItMy1tc2ctMg==","Timestamp":"2026-06-24T13:27:38.3509485+05:30","Retry":0}
{"ID":"112","Payload":"cHJvZHVjZXItMTItbXNnLTI=","Timestamp":"2026-06-24T13:27:38.3520815+05:30","Retry":0}
{"ID":"102","Payload":"cHJvZHVjZXItMTEtbXNnLTI=","Timestamp":"2026-06-24T13:27:38.3532105+05:30","Retry":0}
{"ID":"122","Payload":"cHJvZHVjZXItMTMtbXNnLTI=","Timestamp":"2026-06-24T13:27:38.3542617+05:30","Retry":0}
{"ID":"152","Payload":"cHJvZHVjZXItMTYtbXNnLTI=","Timestamp":"2026-06-24T13:27:38.3542617+05:30","Retry":0}
{"ID":"132","Payload":"cHJvZHVjZXItMTQtbXNnLTI=","Timestamp":"2026-06-24T13:27:38.3558517+05:30","Retry":0}
{"ID":"172","Payload":"cHJvZHVjZXItMTgtbXNnLTI=","Timestamp":"2026-06-24T13:27:38.3558517+05:30","Retry":0}
{"ID":"162","Payload":"cHJvZHVjZXItMTctbXNnLTI=","Timestamp":"2026-06-24T13:27:38.357945+05:30","Retry":0}
{"ID":"142","Payload":"cHJvZHVjZXItMTUtbXNnLTI=","Timestamp":"2026-06-24T13:27:38.3589604+05:30","Retry":0}
{"ID":"182","Payload":"cHJvZHVjZXItMTktbXNnLTI=","Timestamp":"2026-06-24T13:27:38.3589604+05:30","Retry":0}
{"ID":"192","Payload":"cHJvZHVjZXItMjAtbXNnLTI=","Timestamp":"2026-06-24T13:27:38.3610431+05:30","Retry":0}
{"ID":"202","Payload":"cHJvZHVjZXItMjEtbXNnLTI=","Timestamp":"2026-06-24T13:27:38.3625575+05:30","Retry":0}
{"ID":"321","Payload":"cHJvZHVjZXItMzMtbXNnLTE=","Timestamp":"2026-06-24T13:27:38.33515+05:30","Retry":0}
{"ID":"351","Payload":"cHJvZHVjZXItMzYtbXNnLTE=","Timestamp":"2026-06-24T13:27:38.33515+05:30","Retry":0}
{"ID":"391","Payload":"cHJvZHVjZXItNDAtbXNnLTE=","Timestamp":"2026-06-24T13:27:38.33515+05:30","Retry":0}
{"ID":"411","Payload":"cHJvZHVjZXItNDItbXNnLTE=","Timestamp":"2026-06-24T13:27:38.3357117+05:30","Retry":0}
{"ID":"421","Payload":"cHJvZHVjZXItNDMtbXNnLTE=","Timestamp":"2026-06-24T13:27:38.3357117+05:30","Retry":0}
{"ID":"2","Payload":"cHJvZHVjZXItMS1tc2ctMg==","Timestamp":"2026-06-24T13:27:38.3645829+05:30","Retry":0}
{"ID":"15","Payload":"cHJvZHVjZXItMi1tc2ctNQ==","Timestamp":"2026-06-24T13:27:38.3645829+05:30","Retry":0}
{"ID":"43","Payload":"cHJvZHVjZXItNS1tc2ctMw==","Timestamp":"2026-06-24T13:27:38.3671691+05:30","Retry":0}
{"ID":"33","Payload":"cHJvZHVjZXItNC1tc2ctMw==","Timestamp":"2026-06-24T13:27:38.3671691+05:30","Retry":0}
{"ID":"73","Payload":"cHJvZHVjZXItOC1tc2ctMw==","Timestamp":"2026-06-24T13:27:38.36918+05:30","Retry":0}
{"ID":"63","Payload":"cHJvZHVjZXItNy1tc2ctMw==","Timestamp":"2026-06-24T13:27:38.36918+05:30","Retry":0}
{"ID":"93","Payload":"cHJvZHVjZXItMTAtbXNnLTM=","Timestamp":"2026-06-24T13:27:38.36918+05:30","Retry":0}
{"ID":"53","Payload":"cHJvZHVjZXItNi1tc2ctMw==","Timestamp":"2026-06-24T13:27:38.3711908+05:30","Retry":0}
{"ID":"83","Payload":"cHJvZHVjZXItOS1tc2ctMw==","Timestamp":"2026-06-24T13:27:38.3711908+05:30","Retry":0}
{"ID":"23","Payload":"cHJvZHVjZXItMy1tc2ctMw==","Timestamp":"2026-06-24T13:27:38.3711908+05:30","Retry":0}
{"ID":"113","Payload":"cHJvZHVjZXItMTItbXNnLTM=","Timestamp":"2026-06-24T13:27:38.3732039+05:30","Retry":0}
{"ID":"103","Payload":"cHJvZHVjZXItMTEtbXNnLTM=","Timestamp":"2026-06-24T13:27:38.3747165+05:30","Retry":0}
{"ID":"123","Payload":"cHJvZHVjZXItMTMtbXNnLTM=","Timestamp":"2026-06-24T13:27:38.3747165+05:30","Retry":0}
{"ID":"153","Payload":"cHJvZHVjZXItMTYtbXNnLTM=","Timestamp":"2026-06-24T13:27:38.3767959+05:30","Retry":0}
{"ID":"133","Payload":"cHJvZHVjZXItMTQtbXNnLTM=","Timestamp":"2026-06-24T13:27:38.3767959+05:30","Retry":0}
{"ID":"173","Payload":"cHJvZHVjZXItMTgtbXNnLTM=","Timestamp":"2026-06-24T13:27:38.3785445+05:30","Retry":0}
{"ID":"163","Payload":"cHJvZHVjZXItMTctbXNnLTM=","Timestamp":"2026-06-24T13:27:38.3785445+05:30","Retry":0}
{"ID":"143","Payload":"cHJvZHVjZXItMTUtbXNnLTM=","Timestamp":"2026-06-24T13:27:38.3805576+05:30","Retry":0}
{"ID":"183","Payload":"cHJvZHVjZXItMTktbXNnLTM=","Timestamp":"2026-06-24T13:27:38.3805576+05:30","Retry":0}
{"ID":"193","Payload":"cHJvZHVjZXItMjAtbXNnLTM=","Timestamp":"2026-06-24T13:27:38.3825663+05:30","Retry":0}
{"ID":"203","Payload":"cHJvZHVjZXItMjEtbXNnLTM=","Timestamp":"2026-06-24T13:27:38.3825663+05:30","Retry":0}
{"ID":"431","Payload":"cHJvZHVjZXItNDQtbXNnLTE=","Timestamp":"2026-06-24T13:27:38.3357117+05:30","Retry":0}
{"ID":"322","Payload":"cHJvZHVjZXItMzMtbXNnLTI=","Timestamp":"2026-06-24T13:27:38.3850783+05:30","Retry":0}
{"ID":"441","Payload":"cHJvZHVjZXItNDUtbXNnLTE=","Timestamp":"2026-06-24T13:27:38.3357117+05:30","Retry":0}
{"ID":"352","Payload":"cHJvZHVjZXItMzYtbXNnLTI=","Timestamp":"2026-06-24T13:27:38.3850783+05:30","Retry":0}
{"ID":"451","Payload":"cHJvZHVjZXItNDYtbXNnLTE=","Timestamp":"2026-06-24T13:27:38.3357117+05:30","Retry":0}
{"ID":"461","Payload":"cHJvZHVjZXItNDctbXNnLTE=","Timestamp":"2026-06-24T13:27:38.3357117+05:30","Retry":0}
{"ID":"471","Payload":"cHJvZHVjZXItNDgtbXNnLTE=","Timestamp":"2026-06-24T13:27:38.3357117+05:30","Retry":0}
{"ID":"392","Payload":"cHJvZHVjZXItNDAtbXNnLTI=","Timestamp":"2026-06-24T13:27:38.3850783+05:30","Retry":0}
{"ID":"412","Payload":"cHJvZHVjZXItNDItbXNnLTI=","Timestamp":"2026-06-24T13:27:38.3850783+05:30","Retry":0}
{"ID":"481","Payload":"cHJvZHVjZXItNDktbXNnLTE=","Timestamp":"2026-06-24T13:27:38.3362697+05:30","Retry":0}
{"ID":"422","Payload":"cHJvZHVjZXItNDMtbXNnLTI=","Timestamp":"2026-06-24T13:27:38.3850783+05:30","Retry":0}
{"ID":"491","Payload":"cHJvZHVjZXItNTAtbXNnLTE=","Timestamp":"2026-06-24T13:27:38.3362697+05:30","Retry":0}
{"ID":"3","Payload":"cHJvZHVjZXItMS1tc2ctMw==","Timestamp":"2026-06-24T13:27:38.3850783+05:30","Retry":0}
{"ID":"16","Payload":"cHJvZHVjZXItMi1tc2ctNg==","Timestamp":"2026-06-24T13:27:38.3850783+05:30","Retry":0}
{"ID":"231","Payload":"cHJvZHVjZXItMjQtbXNnLTE=","Timestamp":"2026-06-24T13:27:38.334541+05:30","Retry":0}
{"ID":"222","Payload":"cHJvZHVjZXItMjMtbXNnLTI=","Timestamp":"2026-06-24T13:27:38.3625575+05:30","Retry":0}
{"ID":"251","Payload":"cHJvZHVjZXItMjYtbXNnLTE=","Timestamp":"2026-06-24T13:27:38.334541+05:30","Retry":0}
{"ID":"44","Payload":"cHJvZHVjZXItNS1tc2ctNA==","Timestamp":"2026-06-24T13:27:38.3850783+05:30","Retry":0}
{"ID":"211","Payload":"cHJvZHVjZXItMjItbXNnLTE=","Timestamp":"2026-06-24T13:27:38.334541+05:30","Retry":0}
{"ID":"241","Payload":"cHJvZHVjZXItMjUtbXNnLTE=","Timestamp":"2026-06-24T13:27:38.334541+05:30","Retry":0}
{"ID":"34","Payload":"cHJvZHVjZXItNC1tc2ctNA==","Timestamp":"2026-06-24T13:27:38.3850783+05:30","Retry":0}
{"ID":"261","Payload":"cHJvZHVjZXItMjctbXNnLTE=","Timestamp":"2026-06-24T13:27:38.334541+05:30","Retry":0}
{"ID":"74","Payload":"cHJvZHVjZXItOC1tc2ctNA==","Timestamp":"2026-06-24T13:27:38.3850783+05:30","Retry":0}
{"ID":"271","Payload":"cHJvZHVjZXItMjgtbXNnLTE=","Timestamp":"2026-06-24T13:27:38.334541+05:30","Retry":0}
{"ID":"64","Payload":"cHJvZHVjZXItNy1tc2ctNA==","Timestamp":"2026-06-24T13:27:38.3955111+05:30","Retry":0}
{"ID":"291","Payload":"cHJvZHVjZXItMzAtbXNnLTE=","Timestamp":"2026-06-24T13:27:38.334541+05:30","Retry":0}
{"ID":"311","Payload":"cHJvZHVjZXItMzItbXNnLTE=","Timestamp":"2026-06-24T13:27:38.33515+05:30","Retry":0}
{"ID":"401","Payload":"cHJvZHVjZXItNDEtbXNnLTE=","Timestamp":"2026-06-24T13:27:38.3357117+05:30","Retry":0}
{"ID":"194","Payload":"cHJvZHVjZXItMjAtbXNnLTQ=","Timestamp":"2026-06-24T13:27:38.406647+05:30","Retry":0}
{"ID":"432","Payload":"cHJvZHVjZXItNDQtbXNnLTI=","Timestamp":"2026-06-24T13:27:38.406647+05:30","Retry":0}
{"ID":"353","Payload":"cHJvZHVjZXItMzYtbXNnLTM=","Timestamp":"2026-06-24T13:27:38.412137+05:30","Retry":0}
{"ID":"452","Payload":"cHJvZHVjZXItNDYtbXNnLTI=","Timestamp":"2026-06-24T13:27:38.4160522+05:30","Retry":0}
{"ID":"462","Payload":"cHJvZHVjZXItNDctbXNnLTI=","Timestamp":"2026-06-24T13:27:38.4160522+05:30","Retry":0}
{"ID":"393","Payload":"cHJvZHVjZXItNDAtbXNnLTM=","Timestamp":"2026-06-24T13:27:38.4192882+05:30","Retry":0}
{"ID":"413","Payload":"cHJvZHVjZXItNDItbXNnLTM=","Timestamp":"2026-06-24T13:27:38.4192882+05:30","Retry":0}
{"ID":"423","Payload":"cHJvZHVjZXItNDMtbXNnLTM=","Timestamp":"2026-06-24T13:27:38.4225985+05:30","Retry":0}
{"ID":"17","Payload":"cHJvZHVjZXItMi1tc2ctNw==","Timestamp":"2026-06-24T13:27:38.4261436+05:30","Retry":0}
{"ID":"252","Payload":"cHJvZHVjZXItMjYtbXNnLTI=","Timestamp":"2026-06-24T13:27:38.4261436+05:30","Retry":0}
{"ID":"45","Payload":"cHJvZHVjZXItNS1tc2ctNQ==","Timestamp":"2026-06-24T13:27:38.4293944+05:30","Retry":0}
{"ID":"212","Payload":"cHJvZHVjZXItMjItbXNnLTI=","Timestamp":"2026-06-24T13:27:38.4293944+05:30","Retry":0}
{"ID":"262","Payload":"cHJvZHVjZXItMjctbXNnLTI=","Timestamp":"2026-06-24T13:27:38.4314039+05:30","Retry":0}
{"ID":"272","Payload":"cHJvZHVjZXItMjgtbXNnLTI=","Timestamp":"2026-06-24T13:27:38.4314039+05:30","Retry":0}
{"ID":"65","Payload":"cHJvZHVjZXItNy1tc2ctNQ==","Timestamp":"2026-06-24T13:27:38.4348957+05:30","Retry":0}
{"ID":"94","Payload":"cHJvZHVjZXItMTAtbXNnLTQ=","Timestamp":"2026-06-24T13:27:38.3963843+05:30","Retry":0}
{"ID":"312","Payload":"cHJvZHVjZXItMzItbXNnLTI=","Timestamp":"2026-06-24T13:27:38.4362711+05:30","Retry":0}
{"ID":"54","Payload":"cHJvZHVjZXItNi1tc2ctNA==","Timestamp":"2026-06-24T13:27:38.3974211+05:30","Retry":0}
{"ID":"402","Payload":"cHJvZHVjZXItNDEtbXNnLTI=","Timestamp":"2026-06-24T13:27:38.4372978+05:30","Retry":0}
{"ID":"281","Payload":"cHJvZHVjZXItMjktbXNnLTE=","Timestamp":"2026-06-24T13:27:38.334541+05:30","Retry":0}
{"ID":"75","Payload":"cHJvZHVjZXItOC1tc2ctNQ==","Timestamp":"2026-06-24T13:27:38.4314039+05:30","Retry":0}
{"ID":"76","Payload":"cHJvZHVjZXItOC1tc2ctNg==","Timestamp":"2026-06-24T13:27:38.4549098+05:30","Retry":0}
{"ID":"195","Payload":"cHJvZHVjZXItMjAtbXNnLTU=","Timestamp":"2026-06-24T13:27:38.4382916+05:30","Retry":0}
{"ID":"301","Payload":"cHJvZHVjZXItMzEtbXNnLTE=","Timestamp":"2026-06-24T13:27:38.334541+05:30","Retry":0}
{"ID":"433","Payload":"cHJvZHVjZXItNDQtbXNnLTM=","Timestamp":"2026-06-24T13:27:38.4392824+05:30","Retry":0}
{"ID":"84","Payload":"cHJvZHVjZXItOS1tc2ctNA==","Timestamp":"2026-06-24T13:27:38.398426+05:30","Retry":0}
{"ID":"24","Payload":"cHJvZHVjZXItMy1tc2ctNA==","Timestamp":"2026-06-24T13:27:38.3988241+05:30","Retry":0}
{"ID":"354","Payload":"cHJvZHVjZXItMzYtbXNnLTQ=","Timestamp":"2026-06-24T13:27:38.4402906+05:30","Retry":0}
{"ID":"453","Payload":"cHJvZHVjZXItNDYtbXNnLTM=","Timestamp":"2026-06-24T13:27:38.4412805+05:30","Retry":0}
{"ID":"114","Payload":"cHJvZHVjZXItMTItbXNnLTQ=","Timestamp":"2026-06-24T13:27:38.399935+05:30","Retry":0}
{"ID":"331","Payload":"cHJvZHVjZXItMzQtbXNnLTE=","Timestamp":"2026-06-24T13:27:38.33515+05:30","Retry":0}
{"ID":"463","Payload":"cHJvZHVjZXItNDctbXNnLTM=","Timestamp":"2026-06-24T13:27:38.4423029+05:30","Retry":0}
{"ID":"394","Payload":"cHJvZHVjZXItNDAtbXNnLTQ=","Timestamp":"2026-06-24T13:27:38.4423029+05:30","Retry":0}
{"ID":"341","Payload":"cHJvZHVjZXItMzUtbXNnLTE=","Timestamp":"2026-06-24T13:27:38.33515+05:30","Retry":0}
{"ID":"414","Payload":"cHJvZHVjZXItNDItbXNnLTQ=","Timestamp":"2026-06-24T13:27:38.4432843+05:30","Retry":0}
{"ID":"104","Payload":"cHJvZHVjZXItMTEtbXNnLTQ=","Timestamp":"2026-06-24T13:27:38.4009333+05:30","Retry":0}
{"ID":"424","Payload":"cHJvZHVjZXItNDMtbXNnLTQ=","Timestamp":"2026-06-24T13:27:38.4442959+05:30","Retry":0}
{"ID":"124","Payload":"cHJvZHVjZXItMTMtbXNnLTQ=","Timestamp":"2026-06-24T13:27:38.4015523+05:30","Retry":0}
{"ID":"18","Payload":"cHJvZHVjZXItMi1tc2ctOA==","Timestamp":"2026-06-24T13:27:38.4452965+05:30","Retry":0}
{"ID":"371","Payload":"cHJvZHVjZXItMzgtbXNnLTE=","Timestamp":"2026-06-24T13:27:38.33515+05:30","Retry":0}
{"ID":"154","Payload":"cHJvZHVjZXItMTYtbXNnLTQ=","Timestamp":"2026-06-24T13:27:38.4027198+05:30","Retry":0}
{"ID":"253","Payload":"cHJvZHVjZXItMjYtbXNnLTM=","Timestamp":"2026-06-24T13:27:38.4452965+05:30","Retry":0}
{"ID":"361","Payload":"cHJvZHVjZXItMzctbXNnLTE=","Timestamp":"2026-06-24T13:27:38.33515+05:30","Retry":0}
{"ID":"46","Payload":"cHJvZHVjZXItNS1tc2ctNg==","Timestamp":"2026-06-24T13:27:38.4462953+05:30","Retry":0}
{"ID":"213","Payload":"cHJvZHVjZXItMjItbXNnLTM=","Timestamp":"2026-06-24T13:27:38.4462953+05:30","Retry":0}
{"ID":"134","Payload":"cHJvZHVjZXItMTQtbXNnLTQ=","Timestamp":"2026-06-24T13:27:38.4037153+05:30","Retry":0}
{"ID":"381","Payload":"cHJvZHVjZXItMzktbXNnLTE=","Timestamp":"2026-06-24T13:27:38.33515+05:30","Retry":0}
{"ID":"263","Payload":"cHJvZHVjZXItMjctbXNnLTM=","Timestamp":"2026-06-24T13:27:38.4477069+05:30","Retry":0}
{"ID":"273","Payload":"cHJvZHVjZXItMjgtbXNnLTM=","Timestamp":"2026-06-24T13:27:38.4487073+05:30","Retry":0}
{"ID":"174","Payload":"cHJvZHVjZXItMTgtbXNnLTQ=","Timestamp":"2026-06-24T13:27:38.4047279+05:30","Retry":0}
{"ID":"66","Payload":"cHJvZHVjZXItNy1tc2ctNg==","Timestamp":"2026-06-24T13:27:38.4487073+05:30","Retry":0}
{"ID":"164","Payload":"cHJvZHVjZXItMTctbXNnLTQ=","Timestamp":"2026-06-24T13:27:38.4052481+05:30","Retry":0}
{"ID":"144","Payload":"cHJvZHVjZXItMTUtbXNnLTQ=","Timestamp":"2026-06-24T13:27:38.406647+05:30","Retry":0}
{"ID":"95","Payload":"cHJvZHVjZXItMTAtbXNnLTU=","Timestamp":"2026-06-24T13:27:38.4497081+05:30","Retry":0}
{"ID":"184","Payload":"cHJvZHVjZXItMTktbXNnLTQ=","Timestamp":"2026-06-24T13:27:38.406647+05:30","Retry":0}
{"ID":"204","Payload":"cHJvZHVjZXItMjEtbXNnLTQ=","Timestamp":"2026-06-24T13:27:38.406647+05:30","Retry":0}
{"ID":"323","Payload":"cHJvZHVjZXItMzMtbXNnLTM=","Timestamp":"2026-06-24T13:27:38.412137+05:30","Retry":0}
{"ID":"313","Payload":"cHJvZHVjZXItMzItbXNnLTM=","Timestamp":"2026-06-24T13:27:38.4507076+05:30","Retry":0}
{"ID":"442","Payload":"cHJvZHVjZXItNDUtbXNnLTI=","Timestamp":"2026-06-24T13:27:38.412137+05:30","Retry":0}
{"ID":"482","Payload":"cHJvZHVjZXItNDktbXNnLTI=","Timestamp":"2026-06-24T13:27:38.4225985+05:30","Retry":0}
{"ID":"223","Payload":"cHJvZHVjZXItMjMtbXNnLTM=","Timestamp":"2026-06-24T13:27:38.4261436+05:30","Retry":0}
{"ID":"242","Payload":"cHJvZHVjZXItMjUtbXNnLTI=","Timestamp":"2026-06-24T13:27:38.4293944+05:30","Retry":0}
{"ID":"35","Payload":"cHJvZHVjZXItNC1tc2ctNQ==","Timestamp":"2026-06-24T13:27:38.4314039+05:30","Retry":0}
{"ID":"292","Payload":"cHJvZHVjZXItMzAtbXNnLTI=","Timestamp":"2026-06-24T13:27:38.4352543+05:30","Retry":0}
{"ID":"77","Payload":"cHJvZHVjZXItOC1tc2ctNw==","Timestamp":"2026-06-24T13:27:38.4549098+05:30","Retry":0}
{"ID":"196","Payload":"cHJvZHVjZXItMjAtbXNnLTY=","Timestamp":"2026-06-24T13:27:38.4564248+05:30","Retry":0}
{"ID":"434","Payload":"cHJvZHVjZXItNDQtbXNnLTQ=","Timestamp":"2026-06-24T13:27:38.4584372+05:30","Retry":0}
{"ID":"85","Payload":"cHJvZHVjZXItOS1tc2ctNQ==","Timestamp":"2026-06-24T13:27:38.4594372+05:30","Retry":0}
{"ID":"395","Payload":"cHJvZHVjZXItNDAtbXNnLTU=","Timestamp":"2026-06-24T13:27:38.4644374+05:30","Retry":0}
{"ID":"415","Payload":"cHJvZHVjZXItNDItbXNnLTU=","Timestamp":"2026-06-24T13:27:38.4654364+05:30","Retry":0}
{"ID":"105","Payload":"cHJvZHVjZXItMTEtbXNnLTU=","Timestamp":"2026-06-24T13:27:38.466946+05:30","Retry":0}
{"ID":"425","Payload":"cHJvZHVjZXItNDMtbXNnLTU=","Timestamp":"2026-06-24T13:27:38.4679587+05:30","Retry":0}
{"ID":"125","Payload":"cHJvZHVjZXItMTMtbXNnLTU=","Timestamp":"2026-06-24T13:27:38.4689684+05:30","Retry":0}
{"ID":"19","Payload":"cHJvZHVjZXItMi1tc2ctOQ==","Timestamp":"2026-06-24T13:27:38.4689684+05:30","Retry":0}
{"ID":"155","Payload":"cHJvZHVjZXItMTYtbXNnLTU=","Timestamp":"2026-06-24T13:27:38.4689684+05:30","Retry":0}
{"ID":"47","Payload":"cHJvZHVjZXItNS1tc2ctNw==","Timestamp":"2026-06-24T13:27:38.4689684+05:30","Retry":0}
{"ID":"214","Payload":"cHJvZHVjZXItMjItbXNnLTQ=","Timestamp":"2026-06-24T13:27:38.4689684+05:30","Retry":0}
{"ID":"382","Payload":"cHJvZHVjZXItMzktbXNnLTI=","Timestamp":"2026-06-24T13:27:38.4689684+05:30","Retry":0}
{"ID":"264","Payload":"cHJvZHVjZXItMjctbXNnLTQ=","Timestamp":"2026-06-24T13:27:38.4689684+05:30","Retry":0}
{"ID":"67","Payload":"cHJvZHVjZXItNy1tc2ctNw==","Timestamp":"2026-06-24T13:27:38.4772481+05:30","Retry":0}
{"ID":"145","Payload":"cHJvZHVjZXItMTUtbXNnLTU=","Timestamp":"2026-06-24T13:27:38.4772481+05:30","Retry":0}
{"ID":"205","Payload":"cHJvZHVjZXItMjEtbXNnLTU=","Timestamp":"2026-06-24T13:27:38.4828518+05:30","Retry":0}
{"ID":"472","Payload":"cHJvZHVjZXItNDgtbXNnLTI=","Timestamp":"2026-06-24T13:27:38.418277+05:30","Retry":0}
{"ID":"483","Payload":"cHJvZHVjZXItNDktbXNnLTM=","Timestamp":"2026-06-24T13:27:38.484916+05:30","Retry":0}
{"ID":"55","Payload":"cHJvZHVjZXItNi1tc2ctNQ==","Timestamp":"2026-06-24T13:27:38.4517097+05:30","Retry":0}
{"ID":"224","Payload":"cHJvZHVjZXItMjMtbXNnLTQ=","Timestamp":"2026-06-24T13:27:38.484916+05:30","Retry":0}
{"ID":"403","Payload":"cHJvZHVjZXItNDEtbXNnLTM=","Timestamp":"2026-06-24T13:27:38.4529174+05:30","Retry":0}
{"ID":"243","Payload":"cHJvZHVjZXItMjUtbXNnLTM=","Timestamp":"2026-06-24T13:27:38.4874739+05:30","Retry":0}
{"ID":"4","Payload":"cHJvZHVjZXItMS1tc2ctNA==","Timestamp":"2026-06-24T13:27:38.424625+05:30","Retry":0}
{"ID":"36","Payload":"cHJvZHVjZXItNC1tc2ctNg==","Timestamp":"2026-06-24T13:27:38.4874739+05:30","Retry":0}
{"ID":"492","Payload":"cHJvZHVjZXItNTAtbXNnLTI=","Timestamp":"2026-06-24T13:27:38.4225985+05:30","Retry":0}
{"ID":"232","Payload":"cHJvZHVjZXItMjQtbXNnLTI=","Timestamp":"2026-06-24T13:27:38.4261436+05:30","Retry":0}
{"ID":"302","Payload":"cHJvZHVjZXItMzEtbXNnLTI=","Timestamp":"2026-06-24T13:27:38.4574374+05:30","Retry":0}
{"ID":"435","Payload":"cHJvZHVjZXItNDQtbXNnLTU=","Timestamp":"2026-06-24T13:27:38.4915456+05:30","Retry":0}
{"ID":"86","Payload":"cHJvZHVjZXItOS1tc2ctNg==","Timestamp":"2026-06-24T13:27:38.4915456+05:30","Retry":0}
{"ID":"25","Payload":"cHJvZHVjZXItMy1tc2ctNQ==","Timestamp":"2026-06-24T13:27:38.4604388+05:30","Retry":0}
{"ID":"396","Payload":"cHJvZHVjZXItNDAtbXNnLTY=","Timestamp":"2026-06-24T13:27:38.4915456+05:30","Retry":0}
{"ID":"355","Payload":"cHJvZHVjZXItMzYtbXNnLTU=","Timestamp":"2026-06-24T13:27:38.4604388+05:30","Retry":0}
{"ID":"454","Payload":"cHJvZHVjZXItNDYtbXNnLTQ=","Timestamp":"2026-06-24T13:27:38.4614385+05:30","Retry":0}
{"ID":"416","Payload":"cHJvZHVjZXItNDItbXNnLTY=","Timestamp":"2026-06-24T13:27:38.4915456+05:30","Retry":0}
{"ID":"115","Payload":"cHJvZHVjZXItMTItbXNnLTU=","Timestamp":"2026-06-24T13:27:38.4624409+05:30","Retry":0}
{"ID":"106","Payload":"cHJvZHVjZXItMTEtbXNnLTY=","Timestamp":"2026-06-24T13:27:38.4915456+05:30","Retry":0}
{"ID":"332","Payload":"cHJvZHVjZXItMzQtbXNnLTI=","Timestamp":"2026-06-24T13:27:38.4624409+05:30","Retry":0}
{"ID":"426","Payload":"cHJvZHVjZXItNDMtbXNnLTY=","Timestamp":"2026-06-24T13:27:38.4915456+05:30","Retry":0}
{"ID":"126","Payload":"cHJvZHVjZXItMTMtbXNnLTY=","Timestamp":"2026-06-24T13:27:38.4915456+05:30","Retry":0}
{"ID":"464","Payload":"cHJvZHVjZXItNDctbXNnLTQ=","Timestamp":"2026-06-24T13:27:38.4634362+05:30","Retry":0}
{"ID":"20","Payload":"cHJvZHVjZXItMi1tc2ctMTA=","Timestamp":"2026-06-24T13:27:38.4978717+05:30","Retry":0}
{"ID":"342","Payload":"cHJvZHVjZXItMzUtbXNnLTI=","Timestamp":"2026-06-24T13:27:38.4654364+05:30","Retry":0}
{"ID":"48","Payload":"cHJvZHVjZXItNS1tc2ctOA==","Timestamp":"2026-06-24T13:27:38.4978717+05:30","Retry":0}
{"ID":"215","Payload":"cHJvZHVjZXItMjItbXNnLTU=","Timestamp":"2026-06-24T13:27:38.5009608+05:30","Retry":0}
{"ID":"265","Payload":"cHJvZHVjZXItMjctbXNnLTU=","Timestamp":"2026-06-24T13:27:38.5028189+05:30","Retry":0}
{"ID":"68","Payload":"cHJvZHVjZXItNy1tc2ctOA==","Timestamp":"2026-06-24T13:27:38.5038361+05:30","Retry":0}
{"ID":"146","Payload":"cHJvZHVjZXItMTUtbXNnLTY=","Timestamp":"2026-06-24T13:27:38.504837+05:30","Retry":0}
{"ID":"473","Payload":"cHJvZHVjZXItNDgtbXNnLTM=","Timestamp":"2026-06-24T13:27:38.5091981+05:30","Retry":0}
{"ID":"225","Payload":"cHJvZHVjZXItMjMtbXNnLTU=","Timestamp":"2026-06-24T13:27:38.5122037+05:30","Retry":0}
{"ID":"404","Payload":"cHJvZHVjZXItNDEtbXNnLTQ=","Timestamp":"2026-06-24T13:27:38.5141924+05:30","Retry":0}
{"ID":"5","Payload":"cHJvZHVjZXItMS1tc2ctNQ==","Timestamp":"2026-06-24T13:27:38.5197483+05:30","Retry":0}
{"ID":"493","Payload":"cHJvZHVjZXItNTAtbXNnLTM=","Timestamp":"2026-06-24T13:27:38.5214773+05:30","Retry":0}
{"ID":"293","Payload":"cHJvZHVjZXItMzAtbXNnLTM=","Timestamp":"2026-06-24T13:27:38.4895328+05:30","Retry":0}
{"ID":"282","Payload":"cHJvZHVjZXItMjktbXNnLTI=","Timestamp":"2026-06-24T13:27:38.4539121+05:30","Retry":0}
{"ID":"197","Payload":"cHJvZHVjZXItMjAtbXNnLTc=","Timestamp":"2026-06-24T13:27:38.4915456+05:30","Retry":0}
{"ID":"87","Payload":"cHJvZHVjZXItOS1tc2ctNw==","Timestamp":"2026-06-24T13:27:38.5255746+05:30","Retry":0}
{"ID":"26","Payload":"cHJvZHVjZXItMy1tc2ctNg==","Timestamp":"2026-06-24T13:27:38.5255746+05:30","Retry":0}
{"ID":"397","Payload":"cHJvZHVjZXItNDAtbXNnLTc=","Timestamp":"2026-06-24T13:27:38.5292843+05:30","Retry":0}
{"ID":"356","Payload":"cHJvZHVjZXItMzYtbXNnLTY=","Timestamp":"2026-06-24T13:27:38.5292843+05:30","Retry":0}
{"ID":"37","Payload":"cHJvZHVjZXItNC1tc2ctNw==","Timestamp":"2026-06-24T13:27:38.5207434+05:30","Retry":0}
{"ID":"38","Payload":"cHJvZHVjZXItNC1tc2ctOA==","Timestamp":"2026-06-24T13:27:38.5600875+05:30","Retry":0}
{"ID":"116","Payload":"cHJvZHVjZXItMTItbXNnLTY=","Timestamp":"2026-06-24T13:27:38.5313595+05:30","Retry":0}
{"ID":"107","Payload":"cHJvZHVjZXItMTEtbXNnLTc=","Timestamp":"2026-06-24T13:27:38.5333739+05:30","Retry":0}
{"ID":"427","Payload":"cHJvZHVjZXItNDMtbXNnLTc=","Timestamp":"2026-06-24T13:27:38.5369243+05:30","Retry":0}
{"ID":"343","Payload":"cHJvZHVjZXItMzUtbXNnLTM=","Timestamp":"2026-06-24T13:27:38.5414931+05:30","Retry":0}
{"ID":"156","Payload":"cHJvZHVjZXItMTYtbXNnLTY=","Timestamp":"2026-06-24T13:27:38.4978717+05:30","Retry":0}
{"ID":"49","Payload":"cHJvZHVjZXItNS1tc2ctOQ==","Timestamp":"2026-06-24T13:27:38.5424712+05:30","Retry":0}
{"ID":"372","Payload":"cHJvZHVjZXItMzgtbXNnLTI=","Timestamp":"2026-06-24T13:27:38.4689684+05:30","Retry":0}
{"ID":"216","Payload":"cHJvZHVjZXItMjItbXNnLTY=","Timestamp":"2026-06-24T13:27:38.5434865+05:30","Retry":0}
{"ID":"254","Payload":"cHJvZHVjZXItMjYtbXNnLTQ=","Timestamp":"2026-06-24T13:27:38.4689684+05:30","Retry":0}
{"ID":"266","Payload":"cHJvZHVjZXItMjctbXNnLTY=","Timestamp":"2026-06-24T13:27:38.544471+05:30","Retry":0}
{"ID":"362","Payload":"cHJvZHVjZXItMzctbXNnLTI=","Timestamp":"2026-06-24T13:27:38.4689684+05:30","Retry":0}
{"ID":"135","Payload":"cHJvZHVjZXItMTQtbXNnLTU=","Timestamp":"2026-06-24T13:27:38.4689684+05:30","Retry":0}
{"ID":"474","Payload":"cHJvZHVjZXItNDgtbXNnLTQ=","Timestamp":"2026-06-24T13:27:38.5484785+05:30","Retry":0}
{"ID":"274","Payload":"cHJvZHVjZXItMjgtbXNnLTQ=","Timestamp":"2026-06-24T13:27:38.4772481+05:30","Retry":0}
{"ID":"226","Payload":"cHJvZHVjZXItMjMtbXNnLTY=","Timestamp":"2026-06-24T13:27:38.5484785+05:30","Retry":0}
{"ID":"175","Payload":"cHJvZHVjZXItMTgtbXNnLTU=","Timestamp":"2026-06-24T13:27:38.4772481+05:30","Retry":0}
{"ID":"165","Payload":"cHJvZHVjZXItMTctbXNnLTU=","Timestamp":"2026-06-24T13:27:38.4772481+05:30","Retry":0}
{"ID":"405","Payload":"cHJvZHVjZXItNDEtbXNnLTU=","Timestamp":"2026-06-24T13:27:38.5499875+05:30","Retry":0}
{"ID":"6","Payload":"cHJvZHVjZXItMS1tc2ctNg==","Timestamp":"2026-06-24T13:27:38.5510009+05:30","Retry":0}
{"ID":"206","Payload":"cHJvZHVjZXItMjEtbXNnLTY=","Timestamp":"2026-06-24T13:27:38.5071107+05:30","Retry":0}
{"ID":"494","Payload":"cHJvZHVjZXItNTAtbXNnLTQ=","Timestamp":"2026-06-24T13:27:38.5518255+05:30","Retry":0}
{"ID":"294","Payload":"cHJvZHVjZXItMzAtbXNnLTQ=","Timestamp":"2026-06-24T13:27:38.5530859+05:30","Retry":0}
{"ID":"283","Payload":"cHJvZHVjZXItMjktbXNnLTM=","Timestamp":"2026-06-24T13:27:38.5540891+05:30","Retry":0}
{"ID":"324","Payload":"cHJvZHVjZXItMzMtbXNnLTQ=","Timestamp":"2026-06-24T13:27:38.4828518+05:30","Retry":0}
{"ID":"198","Payload":"cHJvZHVjZXItMjAtbXNnLTg=","Timestamp":"2026-06-24T13:27:38.5550884+05:30","Retry":0}
{"ID":"443","Payload":"cHJvZHVjZXItNDUtbXNnLTM=","Timestamp":"2026-06-24T13:27:38.484916+05:30","Retry":0}
{"ID":"484","Payload":"cHJvZHVjZXItNDktbXNnLTQ=","Timestamp":"2026-06-24T13:27:38.5102041+05:30","Retry":0}
{"ID":"244","Payload":"cHJvZHVjZXItMjUtbXNnLTQ=","Timestamp":"2026-06-24T13:27:38.51659+05:30","Retry":0}
{"ID":"27","Payload":"cHJvZHVjZXItMy1tc2ctNw==","Timestamp":"2026-06-24T13:27:38.557087+05:30","Retry":0}
{"ID":"398","Payload":"cHJvZHVjZXItNDAtbXNnLTg=","Timestamp":"2026-06-24T13:27:38.5580992+05:30","Retry":0}
{"ID":"357","Payload":"cHJvZHVjZXItMzYtbXNnLTc=","Timestamp":"2026-06-24T13:27:38.5590877+05:30","Retry":0}
{"ID":"455","Payload":"cHJvZHVjZXItNDYtbXNnLTU=","Timestamp":"2026-06-24T13:27:38.5292843+05:30","Retry":0}
{"ID":"39","Payload":"cHJvZHVjZXItNC1tc2ctOQ==","Timestamp":"2026-06-24T13:27:38.5611663+05:30","Retry":0}
{"ID":"233","Payload":"cHJvZHVjZXItMjQtbXNnLTM=","Timestamp":"2026-06-24T13:27:38.5232568+05:30","Retry":0}
{"ID":"78","Payload":"cHJvZHVjZXItOC1tc2ctOA==","Timestamp":"2026-06-24T13:27:38.4895328+05:30","Retry":0}
{"ID":"117","Payload":"cHJvZHVjZXItMTItbXNnLTc=","Timestamp":"2026-06-24T13:27:38.5621689+05:30","Retry":0}
{"ID":"303","Payload":"cHJvZHVjZXItMzEtbXNnLTM=","Timestamp":"2026-06-24T13:27:38.5232568+05:30","Retry":0}
{"ID":"108","Payload":"cHJvZHVjZXItMTEtbXNnLTg=","Timestamp":"2026-06-24T13:27:38.563155+05:30","Retry":0}
{"ID":"428","Payload":"cHJvZHVjZXItNDMtbXNnLTg=","Timestamp":"2026-06-24T13:27:38.5641558+05:30","Retry":0}
{"ID":"436","Payload":"cHJvZHVjZXItNDQtbXNnLTY=","Timestamp":"2026-06-24T13:27:38.5255746+05:30","Retry":0}
{"ID":"417","Payload":"cHJvZHVjZXItNDItbXNnLTc=","Timestamp":"2026-06-24T13:27:38.5313595+05:30","Retry":0}
{"ID":"333","Payload":"cHJvZHVjZXItMzQtbXNnLTM=","Timestamp":"2026-06-24T13:27:38.5348991+05:30","Retry":0}
{"ID":"50","Payload":"cHJvZHVjZXItNS1tc2ctMTA=","Timestamp":"2026-06-24T13:27:38.5681566+05:30","Retry":0}
{"ID":"373","Payload":"cHJvZHVjZXItMzgtbXNnLTM=","Timestamp":"2026-06-24T13:27:38.5693114+05:30","Retry":0}
{"ID":"267","Payload":"cHJvZHVjZXItMjctbXNnLTc=","Timestamp":"2026-06-24T13:27:38.5727904+05:30","Retry":0}
{"ID":"69","Payload":"cHJvZHVjZXItNy1tc2ctOQ==","Timestamp":"2026-06-24T13:27:38.5454724+05:30","Retry":0}
{"ID":"383","Payload":"cHJvZHVjZXItMzktbXNnLTM=","Timestamp":"2026-06-24T13:27:38.5009608+05:30","Retry":0}
{"ID":"136","Payload":"cHJvZHVjZXItMTQtbXNnLTY=","Timestamp":"2026-06-24T13:27:38.5767344+05:30","Retry":0}
{"ID":"475","Payload":"cHJvZHVjZXItNDgtbXNnLTU=","Timestamp":"2026-06-24T13:27:38.5777362+05:30","Retry":0}
{"ID":"227","Payload":"cHJvZHVjZXItMjMtbXNnLTc=","Timestamp":"2026-06-24T13:27:38.5797337+05:30","Retry":0}
{"ID":"166","Payload":"cHJvZHVjZXItMTctbXNnLTY=","Timestamp":"2026-06-24T13:27:38.5812448+05:30","Retry":0}
{"ID":"406","Payload":"cHJvZHVjZXItNDEtbXNnLTY=","Timestamp":"2026-06-24T13:27:38.5878414+05:30","Retry":0}
{"ID":"7","Payload":"cHJvZHVjZXItMS1tc2ctNw==","Timestamp":"2026-06-24T13:27:38.5878414+05:30","Retry":0}
{"ID":"495","Payload":"cHJvZHVjZXItNTAtbXNnLTU=","Timestamp":"2026-06-24T13:27:38.5908476+05:30","Retry":0}
{"ID":"295","Payload":"cHJvZHVjZXItMzAtbXNnLTU=","Timestamp":"2026-06-24T13:27:38.5908476+05:30","Retry":0}
{"ID":"199","Payload":"cHJvZHVjZXItMjAtbXNnLTk=","Timestamp":"2026-06-24T13:27:38.5931205+05:30","Retry":0}
{"ID":"485","Payload":"cHJvZHVjZXItNDktbXNnLTU=","Timestamp":"2026-06-24T13:27:38.5969689+05:30","Retry":0}
{"ID":"56","Payload":"cHJvZHVjZXItNi1tc2ctNg==","Timestamp":"2026-06-24T13:27:38.5112147+05:30","Retry":0}
{"ID":"88","Payload":"cHJvZHVjZXItOS1tc2ctOA==","Timestamp":"2026-06-24T13:27:38.5561008+05:30","Retry":0}
{"ID":"245","Payload":"cHJvZHVjZXItMjUtbXNnLTU=","Timestamp":"2026-06-24T13:27:38.5969689+05:30","Retry":0}
{"ID":"28","Payload":"cHJvZHVjZXItMy1tc2ctOA==","Timestamp":"2026-06-24T13:27:38.6001926+05:30","Retry":0}
{"ID":"399","Payload":"cHJvZHVjZXItNDAtbXNnLTk=","Timestamp":"2026-06-24T13:27:38.6016149+05:30","Retry":0}
{"ID":"456","Payload":"cHJvZHVjZXItNDYtbXNnLTY=","Timestamp":"2026-06-24T13:27:38.6048711+05:30","Retry":0}
{"ID":"79","Payload":"cHJvZHVjZXItOC1tc2ctOQ==","Timestamp":"2026-06-24T13:27:38.6078728+05:30","Retry":0}
{"ID":"429","Payload":"cHJvZHVjZXItNDMtbXNnLTk=","Timestamp":"2026-06-24T13:27:38.6124056+05:30","Retry":0}
{"ID":"334","Payload":"cHJvZHVjZXItMzQtbXNnLTQ=","Timestamp":"2026-06-24T13:27:38.6144089+05:30","Retry":0}
{"ID":"344","Payload":"cHJvZHVjZXItMzUtbXNnLTQ=","Timestamp":"2026-06-24T13:27:38.5651714+05:30","Retry":0}
{"ID":"127","Payload":"cHJvZHVjZXItMTMtbXNnLTc=","Timestamp":"2026-06-24T13:27:38.537932+05:30","Retry":0}
{"ID":"374","Payload":"cHJvZHVjZXItMzgtbXNnLTQ=","Timestamp":"2026-06-24T13:27:38.6164088+05:30","Retry":0}
{"ID":"268","Payload":"cHJvZHVjZXItMjctbXNnLTg=","Timestamp":"2026-06-24T13:27:38.6184081+05:30","Retry":0}
{"ID":"157","Payload":"cHJvZHVjZXItMTYtbXNnLTc=","Timestamp":"2026-06-24T13:27:38.5661709+05:30","Retry":0}
{"ID":"255","Payload":"cHJvZHVjZXItMjYtbXNnLTU=","Timestamp":"2026-06-24T13:27:38.5713513+05:30","Retry":0}
{"ID":"384","Payload":"cHJvZHVjZXItMzktbXNnLTQ=","Timestamp":"2026-06-24T13:27:38.6206703+05:30","Retry":0}
{"ID":"363","Payload":"cHJvZHVjZXItMzctbXNnLTM=","Timestamp":"2026-06-24T13:27:38.5747319+05:30","Retry":0}
{"ID":"137","Payload":"cHJvZHVjZXItMTQtbXNnLTc=","Timestamp":"2026-06-24T13:27:38.6216973+05:30","Retry":0}
{"ID":"147","Payload":"cHJvZHVjZXItMTUtbXNnLTc=","Timestamp":"2026-06-24T13:27:38.5464725+05:30","Retry":0}
{"ID":"228","Payload":"cHJvZHVjZXItMjMtbXNnLTg=","Timestamp":"2026-06-24T13:27:38.6231491+05:30","Retry":0}
{"ID":"176","Payload":"cHJvZHVjZXItMTgtbXNnLTY=","Timestamp":"2026-06-24T13:27:38.5797337+05:30","Retry":0}
{"ID":"275","Payload":"cHJvZHVjZXItMjgtbXNnLTU=","Timestamp":"2026-06-24T13:27:38.5787332+05:30","Retry":0}
{"ID":"167","Payload":"cHJvZHVjZXItMTctbXNnLTc=","Timestamp":"2026-06-24T13:27:38.6241591+05:30","Retry":0}
{"ID":"296","Payload":"cHJvZHVjZXItMzAtbXNnLTY=","Timestamp":"2026-06-24T13:27:38.6291586+05:30","Retry":0}
{"ID":"185","Payload":"cHJvZHVjZXItMTktbXNnLTU=","Timestamp":"2026-06-24T13:27:38.4772481+05:30","Retry":0}
{"ID":"200","Payload":"cHJvZHVjZXItMjAtbXNnLTEw","Timestamp":"2026-06-24T13:27:38.6301581+05:30","Retry":0}
{"ID":"284","Payload":"cHJvZHVjZXItMjktbXNnLTQ=","Timestamp":"2026-06-24T13:27:38.5931205+05:30","Retry":0}
{"ID":"325","Payload":"cHJvZHVjZXItMzMtbXNnLTU=","Timestamp":"2026-06-24T13:27:38.5931205+05:30","Retry":0}
{"ID":"314","Payload":"cHJvZHVjZXItMzItbXNnLTQ=","Timestamp":"2026-06-24T13:27:38.4828518+05:30","Retry":0}
{"ID":"486","Payload":"cHJvZHVjZXItNDktbXNnLTY=","Timestamp":"2026-06-24T13:27:38.631181+05:30","Retry":0}
{"ID":"444","Payload":"cHJvZHVjZXItNDUtbXNnLTQ=","Timestamp":"2026-06-24T13:27:38.5931205+05:30","Retry":0}
{"ID":"89","Payload":"cHJvZHVjZXItOS1tc2ctOQ==","Timestamp":"2026-06-24T13:27:38.6321785+05:30","Retry":0}
{"ID":"246","Payload":"cHJvZHVjZXItMjUtbXNnLTY=","Timestamp":"2026-06-24T13:27:38.6332845+05:30","Retry":0}
{"ID":"29","Payload":"cHJvZHVjZXItMy1tc2ctOQ==","Timestamp":"2026-06-24T13:27:38.6342869+05:30","Retry":0}
{"ID":"358","Payload":"cHJvZHVjZXItMzYtbXNnLTg=","Timestamp":"2026-06-24T13:27:38.6028696+05:30","Retry":0}
{"ID":"400","Payload":"cHJvZHVjZXItNDAtbXNnLTEw","Timestamp":"2026-06-24T13:27:38.6352727+05:30","Retry":0}
{"ID":"457","Payload":"cHJvZHVjZXItNDYtbXNnLTc=","Timestamp":"2026-06-24T13:27:38.6362779+05:30","Retry":0}
{"ID":"40","Payload":"cHJvZHVjZXItNC1tc2ctMTA=","Timestamp":"2026-06-24T13:27:38.6068713+05:30","Retry":0}
{"ID":"80","Payload":"cHJvZHVjZXItOC1tc2ctMTA=","Timestamp":"2026-06-24T13:27:38.6362779+05:30","Retry":0}
{"ID":"128","Payload":"cHJvZHVjZXItMTMtbXNnLTg=","Timestamp":"2026-06-24T13:27:38.6362779+05:30","Retry":0}
{"ID":"375","Payload":"cHJvZHVjZXItMzgtbXNnLTU=","Timestamp":"2026-06-24T13:27:38.6362779+05:30","Retry":0}
{"ID":"465","Payload":"cHJvZHVjZXItNDctbXNnLTU=","Timestamp":"2026-06-24T13:27:38.5394572+05:30","Retry":0}
{"ID":"269","Payload":"cHJvZHVjZXItMjctbXNnLTk=","Timestamp":"2026-06-24T13:27:38.6424871+05:30","Retry":0}
{"ID":"158","Payload":"cHJvZHVjZXItMTYtbXNnLTg=","Timestamp":"2026-06-24T13:27:38.6424871+05:30","Retry":0}
{"ID":"217","Payload":"cHJvZHVjZXItMjItbXNnLTc=","Timestamp":"2026-06-24T13:27:38.5703371+05:30","Retry":0}
{"ID":"70","Payload":"cHJvZHVjZXItNy1tc2ctMTA=","Timestamp":"2026-06-24T13:27:38.6196684+05:30","Retry":0}
{"ID":"364","Payload":"cHJvZHVjZXItMzctbXNnLTQ=","Timestamp":"2026-06-24T13:27:38.6424871+05:30","Retry":0}
{"ID":"476","Payload":"cHJvZHVjZXItNDgtbXNnLTY=","Timestamp":"2026-06-24T13:27:38.6216973+05:30","Retry":0}
{"ID":"148","Payload":"cHJvZHVjZXItMTUtbXNnLTg=","Timestamp":"2026-06-24T13:27:38.6424871+05:30","Retry":0}
{"ID":"229","Payload":"cHJvZHVjZXItMjMtbXNnLTk=","Timestamp":"2026-06-24T13:27:38.6480782+05:30","Retry":0}
{"ID":"177","Payload":"cHJvZHVjZXItMTgtbXNnLTc=","Timestamp":"2026-06-24T13:27:38.6480782+05:30","Retry":0}
{"ID":"276","Payload":"cHJvZHVjZXItMjgtbXNnLTY=","Timestamp":"2026-06-24T13:27:38.6480782+05:30","Retry":0}
{"ID":"168","Payload":"cHJvZHVjZXItMTctbXNnLTg=","Timestamp":"2026-06-24T13:27:38.6480782+05:30","Retry":0}
{"ID":"407","Payload":"cHJvZHVjZXItNDEtbXNnLTc=","Timestamp":"2026-06-24T13:27:38.6261927+05:30","Retry":0}
{"ID":"297","Payload":"cHJvZHVjZXItMzAtbXNnLTc=","Timestamp":"2026-06-24T13:27:38.6480782+05:30","Retry":0}
{"ID":"8","Payload":"cHJvZHVjZXItMS1tc2ctOA==","Timestamp":"2026-06-24T13:27:38.6271602+05:30","Retry":0}
{"ID":"207","Payload":"cHJvZHVjZXItMjEtbXNnLTc=","Timestamp":"2026-06-24T13:27:38.5893347+05:30","Retry":0}
{"ID":"496","Payload":"cHJvZHVjZXItNTAtbXNnLTY=","Timestamp":"2026-06-24T13:27:38.628158+05:30","Retry":0}
{"ID":"285","Payload":"cHJvZHVjZXItMjktbXNnLTU=","Timestamp":"2026-06-24T13:27:38.6529879+05:30","Retry":0}
{"ID":"315","Payload":"cHJvZHVjZXItMzItbXNnLTU=","Timestamp":"2026-06-24T13:27:38.6529879+05:30","Retry":0}
{"ID":"57","Payload":"cHJvZHVjZXItNi1tc2ctNw==","Timestamp":"2026-06-24T13:27:38.6321785+05:30","Retry":0}
{"ID":"247","Payload":"cHJvZHVjZXItMjUtbXNnLTc=","Timestamp":"2026-06-24T13:27:38.657223+05:30","Retry":0}
{"ID":"30","Payload":"cHJvZHVjZXItMy1tc2ctMTA=","Timestamp":"2026-06-24T13:27:38.657223+05:30","Retry":0}
{"ID":"359","Payload":"cHJvZHVjZXItMzYtbXNnLTk=","Timestamp":"2026-06-24T13:27:38.657223+05:30","Retry":0}
{"ID":"458","Payload":"cHJvZHVjZXItNDYtbXNnLTg=","Timestamp":"2026-06-24T13:27:38.659234+05:30","Retry":0}
{"ID":"234","Payload":"cHJvZHVjZXItMjQtbXNnLTQ=","Timestamp":"2026-06-24T13:27:38.6068713+05:30","Retry":0}
{"ID":"430","Payload":"cHJvZHVjZXItNDMtbXNnLTEw","Timestamp":"2026-06-24T13:27:38.6362779+05:30","Retry":0}
{"ID":"129","Payload":"cHJvZHVjZXItMTMtbXNnLTk=","Timestamp":"2026-06-24T13:27:38.6612424+05:30","Retry":0}
{"ID":"118","Payload":"cHJvZHVjZXItMTItbXNnLTg=","Timestamp":"2026-06-24T13:27:38.6088816+05:30","Retry":0}
{"ID":"376","Payload":"cHJvZHVjZXItMzgtbXNnLTY=","Timestamp":"2026-06-24T13:27:38.6632514+05:30","Retry":0}
{"ID":"304","Payload":"cHJvZHVjZXItMzEtbXNnLTQ=","Timestamp":"2026-06-24T13:27:38.6098693+05:30","Retry":0}
{"ID":"466","Payload":"cHJvZHVjZXItNDctbXNnLTY=","Timestamp":"2026-06-24T13:27:38.6632514+05:30","Retry":0}
{"ID":"109","Payload":"cHJvZHVjZXItMTEtbXNnLTk=","Timestamp":"2026-06-24T13:27:38.6113954+05:30","Retry":0}
{"ID":"437","Payload":"cHJvZHVjZXItNDQtbXNnLTc=","Timestamp":"2026-06-24T13:27:38.6134124+05:30","Retry":0}
{"ID":"345","Payload":"cHJvZHVjZXItMzUtbXNnLTU=","Timestamp":"2026-06-24T13:27:38.6362779+05:30","Retry":0}
{"ID":"365","Payload":"cHJvZHVjZXItMzctbXNnLTU=","Timestamp":"2026-06-24T13:27:38.6673253+05:30","Retry":0}
{"ID":"418","Payload":"cHJvZHVjZXItNDItbXNnLTg=","Timestamp":"2026-06-24T13:27:38.6144089+05:30","Retry":0}
{"ID":"477","Payload":"cHJvZHVjZXItNDgtbXNnLTc=","Timestamp":"2026-06-24T13:27:38.6691204+05:30","Retry":0}
{"ID":"256","Payload":"cHJvZHVjZXItMjYtbXNnLTY=","Timestamp":"2026-06-24T13:27:38.6424871+05:30","Retry":0}
{"ID":"149","Payload":"cHJvZHVjZXItMTUtbXNnLTk=","Timestamp":"2026-06-24T13:27:38.6711355+05:30","Retry":0}
{"ID":"298","Payload":"cHJvZHVjZXItMzAtbXNnLTg=","Timestamp":"2026-06-24T13:27:38.6775631+05:30","Retry":0}
{"ID":"9","Payload":"cHJvZHVjZXItMS1tc2ctOQ==","Timestamp":"2026-06-24T13:27:38.6785637+05:30","Retry":0}
{"ID":"96","Payload":"cHJvZHVjZXItMTAtbXNnLTY=","Timestamp":"2026-06-24T13:27:38.4772481+05:30","Retry":0}
{"ID":"186","Payload":"cHJvZHVjZXItMTktbXNnLTY=","Timestamp":"2026-06-24T13:27:38.6480782+05:30","Retry":0}
{"ID":"497","Payload":"cHJvZHVjZXItNTAtbXNnLTc=","Timestamp":"2026-06-24T13:27:38.6805722+05:30","Retry":0}
{"ID":"286","Payload":"cHJvZHVjZXItMjktbXNnLTY=","Timestamp":"2026-06-24T13:27:38.6811752+05:30","Retry":0}
{"ID":"326","Payload":"cHJvZHVjZXItMzMtbXNnLTY=","Timestamp":"2026-06-24T13:27:38.6529879+05:30","Retry":0}
{"ID":"487","Payload":"cHJvZHVjZXItNDktbXNnLTc=","Timestamp":"2026-06-24T13:27:38.6529879+05:30","Retry":0}
{"ID":"58","Payload":"cHJvZHVjZXItNi1tc2ctOA==","Timestamp":"2026-06-24T13:27:38.6848409+05:30","Retry":0}
{"ID":"90","Payload":"cHJvZHVjZXItOS1tc2ctMTA=","Timestamp":"2026-06-24T13:27:38.6529879+05:30","Retry":0}
{"ID":"445","Payload":"cHJvZHVjZXItNDUtbXNnLTU=","Timestamp":"2026-06-24T13:27:38.6529879+05:30","Retry":0}
{"ID":"248","Payload":"cHJvZHVjZXItMjUtbXNnLTg=","Timestamp":"2026-06-24T13:27:38.6868588+05:30","Retry":0}
{"ID":"360","Payload":"cHJvZHVjZXItMzYtbXNnLTEw","Timestamp":"2026-06-24T13:27:38.6871953+05:30","Retry":0}
{"ID":"459","Payload":"cHJvZHVjZXItNDYtbXNnLTk=","Timestamp":"2026-06-24T13:27:38.6871953+05:30","Retry":0}
{"ID":"235","Payload":"cHJvZHVjZXItMjQtbXNnLTU=","Timestamp":"2026-06-24T13:27:38.6871953+05:30","Retry":0}
{"ID":"130","Payload":"cHJvZHVjZXItMTMtbXNnLTEw","Timestamp":"2026-06-24T13:27:38.6926232+05:30","Retry":0}
{"ID":"119","Payload":"cHJvZHVjZXItMTItbXNnLTk=","Timestamp":"2026-06-24T13:27:38.6926232+05:30","Retry":0}
{"ID":"377","Payload":"cHJvZHVjZXItMzgtbXNnLTc=","Timestamp":"2026-06-24T13:27:38.6941358+05:30","Retry":0}
{"ID":"305","Payload":"cHJvZHVjZXItMzEtbXNnLTU=","Timestamp":"2026-06-24T13:27:38.6941358+05:30","Retry":0}
{"ID":"467","Payload":"cHJvZHVjZXItNDctbXNnLTc=","Timestamp":"2026-06-24T13:27:38.6941358+05:30","Retry":0}
{"ID":"110","Payload":"cHJvZHVjZXItMTEtbXNnLTEw","Timestamp":"2026-06-24T13:27:38.6941358+05:30","Retry":0}
{"ID":"335","Payload":"cHJvZHVjZXItMzQtbXNnLTU=","Timestamp":"2026-06-24T13:27:38.6362779+05:30","Retry":0}
{"ID":"438","Payload":"cHJvZHVjZXItNDQtbXNnLTg=","Timestamp":"2026-06-24T13:27:38.6941358+05:30","Retry":0}
{"ID":"270","Payload":"cHJvZHVjZXItMjctbXNnLTEw","Timestamp":"2026-06-24T13:27:38.6632514+05:30","Retry":0}
{"ID":"159","Payload":"cHJvZHVjZXItMTYtbXNnLTk=","Timestamp":"2026-06-24T13:27:38.6653156+05:30","Retry":0}
{"ID":"218","Payload":"cHJvZHVjZXItMjItbXNnLTg=","Timestamp":"2026-06-24T13:27:38.6653156+05:30","Retry":0}
{"ID":"346","Payload":"cHJvZHVjZXItMzUtbXNnLTY=","Timestamp":"2026-06-24T13:27:38.6941358+05:30","Retry":0}
{"ID":"366","Payload":"cHJvZHVjZXItMzctbXNnLTY=","Timestamp":"2026-06-24T13:27:38.6941358+05:30","Retry":0}
{"ID":"419","Payload":"cHJvZHVjZXItNDItbXNnLTk=","Timestamp":"2026-06-24T13:27:38.6941358+05:30","Retry":0}
{"ID":"478","Payload":"cHJvZHVjZXItNDgtbXNnLTg=","Timestamp":"2026-06-24T13:27:38.7018491+05:30","Retry":0}
{"ID":"257","Payload":"cHJvZHVjZXItMjYtbXNnLTc=","Timestamp":"2026-06-24T13:27:38.70297+05:30","Retry":0}
{"ID":"385","Payload":"cHJvZHVjZXItMzktbXNnLTU=","Timestamp":"2026-06-24T13:27:38.6424871+05:30","Retry":0}
{"ID":"150","Payload":"cHJvZHVjZXItMTUtbXNnLTEw","Timestamp":"2026-06-24T13:27:38.70297+05:30","Retry":0}
{"ID":"138","Payload":"cHJvZHVjZXItMTQtbXNnLTg=","Timestamp":"2026-06-24T13:27:38.6424871+05:30","Retry":0}
{"ID":"299","Payload":"cHJvZHVjZXItMzAtbXNnLTk=","Timestamp":"2026-06-24T13:27:38.7044954+05:30","Retry":0}
{"ID":"230","Payload":"cHJvZHVjZXItMjMtbXNnLTEw","Timestamp":"2026-06-24T13:27:38.6721337+05:30","Retry":0}
{"ID":"10","Payload":"cHJvZHVjZXItMS1tc2ctMTA=","Timestamp":"2026-06-24T13:27:38.7055177+05:30","Retry":0}
{"ID":"178","Payload":"cHJvZHVjZXItMTgtbXNnLTg=","Timestamp":"2026-06-24T13:27:38.6735497+05:30","Retry":0}
{"ID":"277","Payload":"cHJvZHVjZXItMjgtbXNnLTc=","Timestamp":"2026-06-24T13:27:38.6745662+05:30","Retry":0}
{"ID":"169","Payload":"cHJvZHVjZXItMTctbXNnLTk=","Timestamp":"2026-06-24T13:27:38.6755639+05:30","Retry":0}
{"ID":"316","Payload":"cHJvZHVjZXItMzItbXNnLTY=","Timestamp":"2026-06-24T13:27:38.6836977+05:30","Retry":0}
{"ID":"446","Payload":"cHJvZHVjZXItNDUtbXNnLTY=","Timestamp":"2026-06-24T13:27:38.7135222+05:30","Retry":0}
{"ID":"249","Payload":"cHJvZHVjZXItMjUtbXNnLTk=","Timestamp":"2026-06-24T13:27:38.7135222+05:30","Retry":0}
{"ID":"460","Payload":"cHJvZHVjZXItNDYtbXNnLTEw","Timestamp":"2026-06-24T13:27:38.7160763+05:30","Retry":0}
{"ID":"236","Payload":"cHJvZHVjZXItMjQtbXNnLTY=","Timestamp":"2026-06-24T13:27:38.7170765+05:30","Retry":0}
{"ID":"120","Payload":"cHJvZHVjZXItMTItbXNnLTEw","Timestamp":"2026-06-24T13:27:38.7196873+05:30","Retry":0}
{"ID":"378","Payload":"cHJvZHVjZXItMzgtbXNnLTg=","Timestamp":"2026-06-24T13:27:38.7207391+05:30","Retry":0}
{"ID":"306","Payload":"cHJvZHVjZXItMzEtbXNnLTY=","Timestamp":"2026-06-24T13:27:38.7216895+05:30","Retry":0}
{"ID":"468","Payload":"cHJvZHVjZXItNDctbXNnLTg=","Timestamp":"2026-06-24T13:27:38.7216895+05:30","Retry":0}
{"ID":"336","Payload":"cHJvZHVjZXItMzQtbXNnLTY=","Timestamp":"2026-06-24T13:27:38.7242211+05:30","Retry":0}
{"ID":"439","Payload":"cHJvZHVjZXItNDQtbXNnLTk=","Timestamp":"2026-06-24T13:27:38.7252227+05:30","Retry":0}
{"ID":"160","Payload":"cHJvZHVjZXItMTYtbXNnLTEw","Timestamp":"2026-06-24T13:27:38.7267608+05:30","Retry":0}
{"ID":"219","Payload":"cHJvZHVjZXItMjItbXNnLTk=","Timestamp":"2026-06-24T13:27:38.7277617+05:30","Retry":0}
{"ID":"347","Payload":"cHJvZHVjZXItMzUtbXNnLTc=","Timestamp":"2026-06-24T13:27:38.7287505+05:30","Retry":0}
{"ID":"367","Payload":"cHJvZHVjZXItMzctbXNnLTc=","Timestamp":"2026-06-24T13:27:38.7297474+05:30","Retry":0}
{"ID":"139","Payload":"cHJvZHVjZXItMTQtbXNnLTk=","Timestamp":"2026-06-24T13:27:38.7393344+05:30","Retry":0}
{"ID":"300","Payload":"cHJvZHVjZXItMzAtbXNnLTEw","Timestamp":"2026-06-24T13:27:38.7403298+05:30","Retry":0}
{"ID":"179","Payload":"cHJvZHVjZXItMTgtbXNnLTk=","Timestamp":"2026-06-24T13:27:38.7443318+05:30","Retry":0}
{"ID":"278","Payload":"cHJvZHVjZXItMjgtbXNnLTg=","Timestamp":"2026-06-24T13:27:38.7443318+05:30","Retry":0}
{"ID":"170","Payload":"cHJvZHVjZXItMTctbXNnLTEw","Timestamp":"2026-06-24T13:27:38.7465417+05:30","Retry":0}
{"ID":"97","Payload":"cHJvZHVjZXItMTAtbXNnLTc=","Timestamp":"2026-06-24T13:27:38.706508+05:30","Retry":0}
{"ID":"317","Payload":"cHJvZHVjZXItMzItbXNnLTc=","Timestamp":"2026-06-24T13:27:38.7505679+05:30","Retry":0}
{"ID":"408","Payload":"cHJvZHVjZXItNDEtbXNnLTg=","Timestamp":"2026-06-24T13:27:38.6765631+05:30","Retry":0}
{"ID":"208","Payload":"cHJvZHVjZXItMjEtbXNnLTg=","Timestamp":"2026-06-24T13:27:38.6795768+05:30","Retry":0}
{"ID":"447","Payload":"cHJvZHVjZXItNDUtbXNnLTc=","Timestamp":"2026-06-24T13:27:38.7525665+05:30","Retry":0}
{"ID":"187","Payload":"cHJvZHVjZXItMTktbXNnLTc=","Timestamp":"2026-06-24T13:27:38.7075176+05:30","Retry":0}
{"ID":"250","Payload":"cHJvZHVjZXItMjUtbXNnLTEw","Timestamp":"2026-06-24T13:27:38.7535773+05:30","Retry":0}
{"ID":"498","Payload":"cHJvZHVjZXItNTAtbXNnLTg=","Timestamp":"2026-06-24T13:27:38.7085055+05:30","Retry":0}
{"ID":"287","Payload":"cHJvZHVjZXItMjktbXNnLTc=","Timestamp":"2026-06-24T13:27:38.7085055+05:30","Retry":0}
{"ID":"327","Payload":"cHJvZHVjZXItMzMtbXNnLTc=","Timestamp":"2026-06-24T13:27:38.7095078+05:30","Retry":0}
{"ID":"488","Payload":"cHJvZHVjZXItNDktbXNnLTg=","Timestamp":"2026-06-24T13:27:38.7105065+05:30","Retry":0}
{"ID":"59","Payload":"cHJvZHVjZXItNi1tc2ctOQ==","Timestamp":"2026-06-24T13:27:38.711513+05:30","Retry":0}
{"ID":"237","Payload":"cHJvZHVjZXItMjQtbXNnLTc=","Timestamp":"2026-06-24T13:27:38.7562704+05:30","Retry":0}
{"ID":"379","Payload":"cHJvZHVjZXItMzgtbXNnLTk=","Timestamp":"2026-06-24T13:27:38.7562704+05:30","Retry":0}
{"ID":"307","Payload":"cHJvZHVjZXItMzEtbXNnLTc=","Timestamp":"2026-06-24T13:27:38.7562704+05:30","Retry":0}
{"ID":"469","Payload":"cHJvZHVjZXItNDctbXNnLTk=","Timestamp":"2026-06-24T13:27:38.7562704+05:30","Retry":0}
{"ID":"337","Payload":"cHJvZHVjZXItMzQtbXNnLTc=","Timestamp":"2026-06-24T13:27:38.7562704+05:30","Retry":0}
{"ID":"440","Payload":"cHJvZHVjZXItNDQtbXNnLTEw","Timestamp":"2026-06-24T13:27:38.7562704+05:30","Retry":0}
{"ID":"220","Payload":"cHJvZHVjZXItMjItbXNnLTEw","Timestamp":"2026-06-24T13:27:38.7562704+05:30","Retry":0}
{"ID":"348","Payload":"cHJvZHVjZXItMzUtbXNnLTg=","Timestamp":"2026-06-24T13:27:38.7562704+05:30","Retry":0}
{"ID":"368","Payload":"cHJvZHVjZXItMzctbXNnLTg=","Timestamp":"2026-06-24T13:27:38.7562704+05:30","Retry":0}
{"ID":"420","Payload":"cHJvZHVjZXItNDItbXNnLTEw","Timestamp":"2026-06-24T13:27:38.7307497+05:30","Retry":0}
{"ID":"479","Payload":"cHJvZHVjZXItNDgtbXNnLTk=","Timestamp":"2026-06-24T13:27:38.7317498+05:30","Retry":0}
{"ID":"258","Payload":"cHJvZHVjZXItMjYtbXNnLTg=","Timestamp":"2026-06-24T13:27:38.7327683+05:30","Retry":0}
{"ID":"140","Payload":"cHJvZHVjZXItMTQtbXNnLTEw","Timestamp":"2026-06-24T13:27:38.7669731+05:30","Retry":0}
{"ID":"386","Payload":"cHJvZHVjZXItMzktbXNnLTY=","Timestamp":"2026-06-24T13:27:38.7337533+05:30","Retry":0}
{"ID":"180","Payload":"cHJvZHVjZXItMTgtbXNnLTEw","Timestamp":"2026-06-24T13:27:38.7705314+05:30","Retry":0}
{"ID":"279","Payload":"cHJvZHVjZXItMjgtbXNnLTk=","Timestamp":"2026-06-24T13:27:38.771524+05:30","Retry":0}
{"ID":"98","Payload":"cHJvZHVjZXItMTAtbXNnLTg=","Timestamp":"2026-06-24T13:27:38.7735246+05:30","Retry":0}
{"ID":"318","Payload":"cHJvZHVjZXItMzItbXNnLTg=","Timestamp":"2026-06-24T13:27:38.7745345+05:30","Retry":0}
{"ID":"409","Payload":"cHJvZHVjZXItNDEtbXNnLTk=","Timestamp":"2026-06-24T13:27:38.7755392+05:30","Retry":0}
{"ID":"209","Payload":"cHJvZHVjZXItMjEtbXNnLTk=","Timestamp":"2026-06-24T13:27:38.7770487+05:30","Retry":0}
{"ID":"448","Payload":"cHJvZHVjZXItNDUtbXNnLTg=","Timestamp":"2026-06-24T13:27:38.7790764+05:30","Retry":0}
{"ID":"188","Payload":"cHJvZHVjZXItMTktbXNnLTg=","Timestamp":"2026-06-24T13:27:38.7800648+05:30","Retry":0}
{"ID":"499","Payload":"cHJvZHVjZXItNTAtbXNnLTk=","Timestamp":"2026-06-24T13:27:38.7830626+05:30","Retry":0}
{"ID":"288","Payload":"cHJvZHVjZXItMjktbXNnLTg=","Timestamp":"2026-06-24T13:27:38.7840631+05:30","Retry":0}
{"ID":"328","Payload":"cHJvZHVjZXItMzMtbXNnLTg=","Timestamp":"2026-06-24T13:27:38.7850659+05:30","Retry":0}
{"ID":"489","Payload":"cHJvZHVjZXItNDktbXNnLTk=","Timestamp":"2026-06-24T13:27:38.7862828+05:30","Retry":0}
{"ID":"60","Payload":"cHJvZHVjZXItNi1tc2ctMTA=","Timestamp":"2026-06-24T13:27:38.787788+05:30","Retry":0}
{"ID":"238","Payload":"cHJvZHVjZXItMjQtbXNnLTg=","Timestamp":"2026-06-24T13:27:38.7888007+05:30","Retry":0}
{"ID":"380","Payload":"cHJvZHVjZXItMzgtbXNnLTEw","Timestamp":"2026-06-24T13:27:38.7898022+05:30","Retry":0}
{"ID":"308","Payload":"cHJvZHVjZXItMzEtbXNnLTg=","Timestamp":"2026-06-24T13:27:38.7908027+05:30","Retry":0}
{"ID":"470","Payload":"cHJvZHVjZXItNDctbXNnLTEw","Timestamp":"2026-06-24T13:27:38.791802+05:30","Retry":0}
{"ID":"338","Payload":"cHJvZHVjZXItMzQtbXNnLTg=","Timestamp":"2026-06-24T13:27:38.793802+05:30","Retry":0}
{"ID":"349","Payload":"cHJvZHVjZXItMzUtbXNnLTk=","Timestamp":"2026-06-24T13:27:38.7968038+05:30","Retry":0}
{"ID":"369","Payload":"cHJvZHVjZXItMzctbXNnLTk=","Timestamp":"2026-06-24T13:27:38.7983133+05:30","Retry":0}
{"ID":"480","Payload":"cHJvZHVjZXItNDgtbXNnLTEw","Timestamp":"2026-06-24T13:27:38.8023162+05:30","Retry":0}
{"ID":"259","Payload":"cHJvZHVjZXItMjYtbXNnLTk=","Timestamp":"2026-06-24T13:27:38.8023162+05:30","Retry":0}
{"ID":"387","Payload":"cHJvZHVjZXItMzktbXNnLTc=","Timestamp":"2026-06-24T13:27:38.8048267+05:30","Retry":0}
{"ID":"280","Payload":"cHJvZHVjZXItMjgtbXNnLTEw","Timestamp":"2026-06-24T13:27:38.8068778+05:30","Retry":0}
{"ID":"99","Payload":"cHJvZHVjZXItMTAtbXNnLTk=","Timestamp":"2026-06-24T13:27:38.8088906+05:30","Retry":0}
{"ID":"319","Payload":"cHJvZHVjZXItMzItbXNnLTk=","Timestamp":"2026-06-24T13:27:38.8088906+05:30","Retry":0}
{"ID":"410","Payload":"cHJvZHVjZXItNDEtbXNnLTEw","Timestamp":"2026-06-24T13:27:38.810994+05:30","Retry":0}
{"ID":"210","Payload":"cHJvZHVjZXItMjEtbXNnLTEw","Timestamp":"2026-06-24T13:27:38.810994+05:30","Retry":0}
{"ID":"449","Payload":"cHJvZHVjZXItNDUtbXNnLTk=","Timestamp":"2026-06-24T13:27:38.810994+05:30","Retry":0}
{"ID":"189","Payload":"cHJvZHVjZXItMTktbXNnLTk=","Timestamp":"2026-06-24T13:27:38.810994+05:30","Retry":0}
{"ID":"500","Payload":"cHJvZHVjZXItNTAtbXNnLTEw","Timestamp":"2026-06-24T13:27:38.810994+05:30","Retry":0}
{"ID":"289","Payload":"cHJvZHVjZXItMjktbXNnLTk=","Timestamp":"2026-06-24T13:27:38.810994+05:30","Retry":0}
{"ID":"329","Payload":"cHJvZHVjZXItMzMtbXNnLTk=","Timestamp":"2026-06-24T13:27:38.8183299+05:30","Retry":0}
{"ID":"490","Payload":"cHJvZHVjZXItNDktbXNnLTEw","Timestamp":"2026-06-24T13:27:38.8192795+05:30","Retry":0}
{"ID":"239","Payload":"cHJvZHVjZXItMjQtbXNnLTk=","Timestamp":"2026-06-24T13:27:38.8236471+05:30","Retry":0}
{"ID":"309","Payload":"cHJvZHVjZXItMzEtbXNnLTk=","Timestamp":"2026-06-24T13:27:38.8257946+05:30","Retry":0}
{"ID":"339","Payload":"cHJvZHVjZXItMzQtbXNnLTk=","Timestamp":"2026-06-24T13:27:38.8278002+05:30","Retry":0}
{"ID":"350","Payload":"cHJvZHVjZXItMzUtbXNnLTEw","Timestamp":"2026-06-24T13:27:38.8287937+05:30","Retry":0}
{"ID":"370","Payload":"cHJvZHVjZXItMzctbXNnLTEw","Timestamp":"2026-06-24T13:27:38.8303019+05:30","Retry":0}
{"ID":"260","Payload":"cHJvZHVjZXItMjYtbXNnLTEw","Timestamp":"2026-06-24T13:27:38.838342+05:30","Retry":0}
{"ID":"388","Payload":"cHJvZHVjZXItMzktbXNnLTg=","Timestamp":"2026-06-24T13:27:38.8408523+05:30","Retry":0}
{"ID":"100","Payload":"cHJvZHVjZXItMTAtbXNnLTEw","Timestamp":"2026-06-24T13:27:38.8432764+05:30","Retry":0}
{"ID":"320","Payload":"cHJvZHVjZXItMzItbXNnLTEw","Timestamp":"2026-06-24T13:27:38.8432764+05:30","Retry":0}
{"ID":"450","Payload":"cHJvZHVjZXItNDUtbXNnLTEw","Timestamp":"2026-06-24T13:27:38.8477024+05:30","Retry":0}
{"ID":"190","Payload":"cHJvZHVjZXItMTktbXNnLTEw","Timestamp":"2026-06-24T13:27:38.8477024+05:30","Retry":0}
{"ID":"290","Payload":"cHJvZHVjZXItMjktbXNnLTEw","Timestamp":"2026-06-24T13:27:38.8498507+05:30","Retry":0}
{"ID":"330","Payload":"cHJvZHVjZXItMzMtbXNnLTEw","Timestamp":"2026-06-24T13:27:38.8509825+05:30","Retry":0}
{"ID":"240","Payload":"cHJvZHVjZXItMjQtbXNnLTEw","Timestamp":"2026-06-24T13:27:38.8533465+05:30","Retry":0}
{"ID":"310","Payload":"cHJvZHVjZXItMzEtbXNnLTEw","Timestamp":"2026-06-24T13:27:38.8545737+05:30","Retry":0}
{"ID":"340","Payload":"cHJvZHVjZXItMzQtbXNnLTEw","Timestamp":"2026-06-24T13:27:38.855772+05:30","Retry":0}
{"ID":"389","Payload":"cHJvZHVjZXItMzktbXNnLTk=","Timestamp":"2026-06-24T13:27:38.8599746+05:30","Retry":0}
{"ID":"390","Payload":"cHJvZHVjZXItMzktbXNnLTEw","Timestamp":"2026-06-24T13:27:38.8711727+05:30","Retry":0}
